[debug] [2021-03-13T08:35:48.303Z] ----------------------------------------------------------------------
[debug] [2021-03-13T08:35:48.338Z] Command:       C:\Program Files\nodejs\node.exe C:\Users\SHANKAR\AppData\Roaming\npm\node_modules\firebase-tools\lib\bin\firebase.js emulators:start
[debug] [2021-03-13T08:35:48.339Z] CLI Version:   9.6.1
[debug] [2021-03-13T08:35:48.340Z] Platform:      win32
[debug] [2021-03-13T08:35:48.340Z] Node Version:  v14.15.2
[debug] [2021-03-13T08:35:49.772Z] Time:          Sat Mar 13 2021 14:05:48 GMT+0530 (India Standard Time)
[debug] [2021-03-13T08:35:49.773Z] ----------------------------------------------------------------------
[debug] [2021-03-13T08:35:49.774Z] 
[debug] [2021-03-13T08:35:50.037Z] >>> [apiv2][query] GET https://firebase-public.firebaseio.com/cli.json [none]
[debug] [2021-03-13T08:35:55.463Z] > command requires scopes: ["email","openid","https://www.googleapis.com/auth/cloudplatformprojects.readonly","https://www.googleapis.com/auth/firebase","https://www.googleapis.com/auth/cloud-platform"]
[debug] [2021-03-13T08:35:55.468Z] > authorizing via signed-in user
[info] i  emulators: Starting emulators: functions, hosting {"metadata":{"emulator":{"name":"hub"},"message":"Starting emulators: functions, hosting"}}
[debug] [2021-03-13T08:35:56.044Z] [hub] writing locator at C:\Users\SHANKAR\AppData\Local\Temp\hub-clone-96a3b.json
[debug] [2021-03-13T08:36:03.147Z] <<< [apiv2][status] GET https://firebase-public.firebaseio.com/cli.json 200
[debug] [2021-03-13T08:36:03.148Z] <<< [apiv2][body] GET https://firebase-public.firebaseio.com/cli.json {"cloudBuildErrorAfter":1594252800000,"cloudBuildWarnAfter":1590019200000,"defaultNode10After":1594252800000,"minVersion":"3.0.5","node8DeploysDisabledAfter":1613390400000,"node8RuntimeDisabledAfter":1615809600000,"node8WarnAfter":1600128000000}
[warn] !  functions: The following emulators are not running, calls to these services from the Functions emulator will affect production: auth, firestore, database, pubsub {"metadata":{"emulator":{"name":"functions"},"message":"The following emulators are not running, calls to these services from the Functions emulator will affect production: \u001b[1mauth, firestore, database, pubsub\u001b[22m"}}
[warn] !  Your requested "node" version "12" doesn't match your global version "14" {"metadata":{"emulator":{"name":"functions"},"message":"Your requested \"node\" version \"12\" doesn't match your global version \"14\""}}
[debug] [2021-03-13T08:36:09.589Z] defaultcredentials: writing to file C:\Users\SHANKAR\AppData\Roaming\firebase\murugancharan245_gmail_com_application_default_credentials.json
[debug] [2021-03-13T08:36:10.007Z] Setting GAC to C:\Users\SHANKAR\AppData\Roaming\firebase\murugancharan245_gmail_com_application_default_credentials.json {"metadata":{"emulator":{"name":"functions"},"message":"Setting GAC to C:\\Users\\SHANKAR\\AppData\\Roaming\\firebase\\murugancharan245_gmail_com_application_default_credentials.json"}}
[debug] [2021-03-13T08:36:10.016Z] > refreshing access token with scopes: []
[debug] [2021-03-13T08:36:10.025Z] >>> HTTP REQUEST POST https://www.googleapis.com/oauth2/v3/token  
 <request body omitted>
[debug] [2021-03-13T08:36:10.578Z] <<< HTTP RESPONSE 200 {"expires":"Mon, 01 Jan 1990 00:00:00 GMT","pragma":"no-cache","cache-control":"no-cache, no-store, max-age=0, must-revalidate","date":"Sat, 13 Mar 2021 08:36:10 GMT","content-type":"application/json; charset=utf-8","vary":"X-Origin, Referer, Origin,Accept-Encoding","server":"scaffolding on HTTPServer2","x-xss-protection":"0","x-frame-options":"SAMEORIGIN","x-content-type-options":"nosniff","alt-svc":"h3-29=\":443\"; ma=2592000,h3-T051=\":443\"; ma=2592000,h3-Q050=\":443\"; ma=2592000,h3-Q046=\":443\"; ma=2592000,h3-Q043=\":443\"; ma=2592000,quic=\":443\"; ma=2592000; v=\"46,43\"","accept-ranges":"none","transfer-encoding":"chunked"}
[debug] [2021-03-13T08:36:10.981Z] >>> [apiv2][query] GET https://firebase.googleapis.com/v1beta1/projects/clone-96a3b/adminSdkConfig [none]
[debug] [2021-03-13T08:36:12.097Z] <<< [apiv2][status] GET https://firebase.googleapis.com/v1beta1/projects/clone-96a3b/adminSdkConfig 200
[debug] [2021-03-13T08:36:12.097Z] <<< [apiv2][body] GET https://firebase.googleapis.com/v1beta1/projects/clone-96a3b/adminSdkConfig {"projectId":"clone-96a3b","storageBucket":"clone-96a3b.appspot.com","locationId":"asia-south1"}
[debug] [2021-03-13T08:36:12.502Z] >>> [apiv2][query] GET https://firebase.googleapis.com/v1beta1/projects/clone-96a3b/webApps/-/config [none]
[debug] [2021-03-13T08:36:14.168Z] <<< [apiv2][status] GET https://firebase.googleapis.com/v1beta1/projects/clone-96a3b/webApps/-/config 200
[debug] [2021-03-13T08:36:14.168Z] <<< [apiv2][body] GET https://firebase.googleapis.com/v1beta1/projects/clone-96a3b/webApps/-/config {"projectId":"clone-96a3b","appId":"1:754325117995:web:113549e50215d5114b9e6e","storageBucket":"clone-96a3b.appspot.com","locationId":"asia-south1","apiKey":"AIzaSyAL2u97WLPAyoSwxkJ9yBq6vn1qwmZwB94","authDomain":"clone-96a3b.firebaseapp.com","messagingSenderId":"754325117995","measurementId":"G-MRQE7G43VY"}
[info] i  hosting: Serving hosting files from: build {"metadata":{"emulator":{"name":"hosting"},"message":"Serving hosting files from: \u001b[1mbuild\u001b[22m"}}
[info] +  hosting: Local server: http://localhost:5000 {"metadata":{"emulator":{"name":"hosting"},"message":"Local server: \u001b[4m\u001b[1mhttp://localhost:5000\u001b[22m\u001b[24m"}}
[debug] [2021-03-13T08:36:18.210Z] Ignoring unsupported arg: auto_download {"metadata":{"emulator":{"name":"ui"},"message":"Ignoring unsupported arg: auto_download"}}
[debug] [2021-03-13T08:36:18.213Z] Ignoring unsupported arg: port {"metadata":{"emulator":{"name":"ui"},"message":"Ignoring unsupported arg: port"}}
[debug] [2021-03-13T08:36:18.215Z] Starting Emulator UI with command {"binary":"node","args":["C:\\Users\\SHANKAR\\.cache\\firebase\\emulators\\ui-v1.4.2\\server.bundle.js"],"optionalArgs":[],"joinArgs":false} {"metadata":{"emulator":{"name":"ui"},"message":"Starting Emulator UI with command {\"binary\":\"node\",\"args\":[\"C:\\\\Users\\\\SHANKAR\\\\.cache\\\\firebase\\\\emulators\\\\ui-v1.4.2\\\\server.bundle.js\"],\"optionalArgs\":[],\"joinArgs\":false}"}}
[info] i  ui: Emulator UI logging to ui-debug.log {"metadata":{"emulator":{"name":"ui"},"message":"Emulator UI logging to \u001b[1mui-debug.log\u001b[22m"}}
[debug] [2021-03-13T08:36:27.544Z] Web / API server started at http://localhost:4000
 {"metadata":{"emulator":{"name":"ui"},"message":"Web / API server started at http://localhost:4000\n"}}
[info] i  functions: Watching "C:\Users\SHANKAR\Desktop\web-development\REACT\amazon-clone\functions" for Cloud Functions... {"metadata":{"emulator":{"name":"functions"},"message":"Watching \"C:\\Users\\SHANKAR\\Desktop\\web-development\\REACT\\amazon-clone\\functions\" for Cloud Functions..."}}
[debug] [2021-03-13T08:36:28.315Z] [worker-pool] addWorker(~diagnostic~) {"metadata":{"emulator":{"name":"functions"},"message":"[worker-pool] addWorker(~diagnostic~)"}}
[debug] [2021-03-13T08:36:28.317Z] [worker-pool] Adding worker with key ~diagnostic~, total=1 {"metadata":{"emulator":{"name":"functions"},"message":"[worker-pool] Adding worker with key ~diagnostic~, total=1"}}
[debug] [2021-03-13T08:36:28.319Z] [worker-pool] submitWork(triggerId=) {"metadata":{"emulator":{"name":"functions"},"message":"[worker-pool] submitWork(triggerId=)"}}
[debug] [2021-03-13T08:36:28.322Z] [worker-~diagnostic~-ec16b2ac-0f9c-4438-8acc-b587d517fb0f]: Assigning socketPath: \\?\pipe\C:\Users\SHANKAR\Desktop\web-development\REACT\amazon-clone\functions\13820 {"metadata":{"emulator":{"name":"functions"},"message":"[worker-~diagnostic~-ec16b2ac-0f9c-4438-8acc-b587d517fb0f]: Assigning socketPath: \\\\?\\pipe\\C:\\Users\\SHANKAR\\Desktop\\web-development\\REACT\\amazon-clone\\functions\\13820"}}
[debug] [2021-03-13T08:36:28.325Z] [worker-~diagnostic~-ec16b2ac-0f9c-4438-8acc-b587d517fb0f]: BUSY {"metadata":{"emulator":{"name":"functions"},"message":"[worker-~diagnostic~-ec16b2ac-0f9c-4438-8acc-b587d517fb0f]: BUSY"}}
[debug] [2021-03-13T08:36:41.319Z] [runtime-status] [13820] Functions runtime initialized. {"cwd":"C:\\Users\\SHANKAR\\Desktop\\web-development\\REACT\\amazon-clone\\functions","node_version":"14.15.2"} {"metadata":{"emulator":{"name":"functions"},"message":"[runtime-status] [13820] Functions runtime initialized. {\"cwd\":\"C:\\\\Users\\\\SHANKAR\\\\Desktop\\\\web-development\\\\REACT\\\\amazon-clone\\\\functions\",\"node_version\":\"14.15.2\"}"}}
[debug] [2021-03-13T08:36:41.322Z] [runtime-status] [13820] Disabled runtime features: undefined {"metadata":{"emulator":{"name":"functions"},"message":"[runtime-status] [13820] Disabled runtime features: undefined"}}
[debug] [2021-03-13T08:36:41.912Z] [runtime-status] [13820] Resolved module firebase-admin {"declared":true,"installed":true,"version":"9.5.0","resolution":"C:\\Users\\SHANKAR\\Desktop\\web-development\\REACT\\amazon-clone\\functions\\node_modules\\firebase-admin\\lib\\index.js"} {"metadata":{"emulator":{"name":"functions"},"message":"[runtime-status] [13820] Resolved module firebase-admin {\"declared\":true,\"installed\":true,\"version\":\"9.5.0\",\"resolution\":\"C:\\\\Users\\\\SHANKAR\\\\Desktop\\\\web-development\\\\REACT\\\\amazon-clone\\\\functions\\\\node_modules\\\\firebase-admin\\\\lib\\\\index.js\"}"}}
[debug] [2021-03-13T08:36:43.275Z] [runtime-status] [13820] Resolved module firebase-functions {"declared":true,"installed":true,"version":"3.13.2","resolution":"C:\\Users\\SHANKAR\\Desktop\\web-development\\REACT\\amazon-clone\\functions\\node_modules\\firebase-functions\\lib\\index.js"} {"metadata":{"emulator":{"name":"functions"},"message":"[runtime-status] [13820] Resolved module firebase-functions {\"declared\":true,\"installed\":true,\"version\":\"3.13.2\",\"resolution\":\"C:\\\\Users\\\\SHANKAR\\\\Desktop\\\\web-development\\\\REACT\\\\amazon-clone\\\\functions\\\\node_modules\\\\firebase-functions\\\\lib\\\\index.js\"}"}}
[debug] [2021-03-13T08:36:43.286Z] [runtime-status] [13820] Resolved module firebase-functions {"declared":true,"installed":true,"version":"3.13.2","resolution":"C:\\Users\\SHANKAR\\Desktop\\web-development\\REACT\\amazon-clone\\functions\\node_modules\\firebase-functions\\lib\\index.js"} {"metadata":{"emulator":{"name":"functions"},"message":"[runtime-status] [13820] Resolved module firebase-functions {\"declared\":true,\"installed\":true,\"version\":\"3.13.2\",\"resolution\":\"C:\\\\Users\\\\SHANKAR\\\\Desktop\\\\web-development\\\\REACT\\\\amazon-clone\\\\functions\\\\node_modules\\\\firebase-functions\\\\lib\\\\index.js\"}"}}
[debug] [2021-03-13T08:36:43.298Z] [runtime-status] [13820] Outgoing network have been stubbed. [{"name":"http","status":"mocked"},{"name":"http","status":"mocked"},{"name":"https","status":"mocked"},{"name":"https","status":"mocked"},{"name":"net","status":"mocked"}] {"metadata":{"emulator":{"name":"functions"},"message":"[runtime-status] [13820] Outgoing network have been stubbed. [{\"name\":\"http\",\"status\":\"mocked\"},{\"name\":\"http\",\"status\":\"mocked\"},{\"name\":\"https\",\"status\":\"mocked\"},{\"name\":\"https\",\"status\":\"mocked\"},{\"name\":\"net\",\"status\":\"mocked\"}]"}}
[debug] [2021-03-13T08:36:43.301Z] [runtime-status] [13820] Resolved module firebase-functions {"declared":true,"installed":true,"version":"3.13.2","resolution":"C:\\Users\\SHANKAR\\Desktop\\web-development\\REACT\\amazon-clone\\functions\\node_modules\\firebase-functions\\lib\\index.js"} {"metadata":{"emulator":{"name":"functions"},"message":"[runtime-status] [13820] Resolved module firebase-functions {\"declared\":true,\"installed\":true,\"version\":\"3.13.2\",\"resolution\":\"C:\\\\Users\\\\SHANKAR\\\\Desktop\\\\web-development\\\\REACT\\\\amazon-clone\\\\functions\\\\node_modules\\\\firebase-functions\\\\lib\\\\index.js\"}"}}
[debug] [2021-03-13T08:36:47.803Z] [runtime-status] [13820] Checked functions.config() {"config":{}} {"metadata":{"emulator":{"name":"functions"},"message":"[runtime-status] [13820] Checked functions.config() {\"config\":{}}"}}
[debug] [2021-03-13T08:36:47.806Z] [runtime-status] [13820] firebase-functions has been stubbed. {"functionsResolution":{"declared":true,"installed":true,"version":"3.13.2","resolution":"C:\\Users\\SHANKAR\\Desktop\\web-development\\REACT\\amazon-clone\\functions\\node_modules\\firebase-functions\\lib\\index.js"}} {"metadata":{"emulator":{"name":"functions"},"message":"[runtime-status] [13820] firebase-functions has been stubbed. {\"functionsResolution\":{\"declared\":true,\"installed\":true,\"version\":\"3.13.2\",\"resolution\":\"C:\\\\Users\\\\SHANKAR\\\\Desktop\\\\web-development\\\\REACT\\\\amazon-clone\\\\functions\\\\node_modules\\\\firebase-functions\\\\lib\\\\index.js\"}}"}}
[debug] [2021-03-13T08:36:47.811Z] [runtime-status] [13820] Resolved module firebase-functions {"declared":true,"installed":true,"version":"3.13.2","resolution":"C:\\Users\\SHANKAR\\Desktop\\web-development\\REACT\\amazon-clone\\functions\\node_modules\\firebase-functions\\lib\\index.js"} {"metadata":{"emulator":{"name":"functions"},"message":"[runtime-status] [13820] Resolved module firebase-functions {\"declared\":true,\"installed\":true,\"version\":\"3.13.2\",\"resolution\":\"C:\\\\Users\\\\SHANKAR\\\\Desktop\\\\web-development\\\\REACT\\\\amazon-clone\\\\functions\\\\node_modules\\\\firebase-functions\\\\lib\\\\index.js\"}"}}
[debug] [2021-03-13T08:36:47.819Z] [runtime-status] [13820] Resolved module firebase-admin {"declared":true,"installed":true,"version":"9.5.0","resolution":"C:\\Users\\SHANKAR\\Desktop\\web-development\\REACT\\amazon-clone\\functions\\node_modules\\firebase-admin\\lib\\index.js"} {"metadata":{"emulator":{"name":"functions"},"message":"[runtime-status] [13820] Resolved module firebase-admin {\"declared\":true,\"installed\":true,\"version\":\"9.5.0\",\"resolution\":\"C:\\\\Users\\\\SHANKAR\\\\Desktop\\\\web-development\\\\REACT\\\\amazon-clone\\\\functions\\\\node_modules\\\\firebase-admin\\\\lib\\\\index.js\"}"}}
[debug] [2021-03-13T08:36:47.825Z] [runtime-status] [13820] Resolved module firebase-functions {"declared":true,"installed":true,"version":"3.13.2","resolution":"C:\\Users\\SHANKAR\\Desktop\\web-development\\REACT\\amazon-clone\\functions\\node_modules\\firebase-functions\\lib\\index.js"} {"metadata":{"emulator":{"name":"functions"},"message":"[runtime-status] [13820] Resolved module firebase-functions {\"declared\":true,\"installed\":true,\"version\":\"3.13.2\",\"resolution\":\"C:\\\\Users\\\\SHANKAR\\\\Desktop\\\\web-development\\\\REACT\\\\amazon-clone\\\\functions\\\\node_modules\\\\firebase-functions\\\\lib\\\\index.js\"}"}}
[debug] [2021-03-13T08:36:47.827Z] [runtime-status] [13820] firebase-admin has been stubbed. {"adminResolution":{"declared":true,"installed":true,"version":"9.5.0","resolution":"C:\\Users\\SHANKAR\\Desktop\\web-development\\REACT\\amazon-clone\\functions\\node_modules\\firebase-admin\\lib\\index.js"}} {"metadata":{"emulator":{"name":"functions"},"message":"[runtime-status] [13820] firebase-admin has been stubbed. {\"adminResolution\":{\"declared\":true,\"installed\":true,\"version\":\"9.5.0\",\"resolution\":\"C:\\\\Users\\\\SHANKAR\\\\Desktop\\\\web-development\\\\REACT\\\\amazon-clone\\\\functions\\\\node_modules\\\\firebase-admin\\\\lib\\\\index.js\"}}"}}
[info] +  functions[api]: http function initialized (http://localhost:5001/clone-96a3b/us-central1/api). {"metadata":{"emulator":{"name":"functions"},"message":"\u001b[1mhttp\u001b[22m function initialized (http://localhost:5001/clone-96a3b/us-central1/api)."}}
[info] 
┌─────────────────────────────────────────────────────────────┐
│ ✔  All emulators ready! It is now safe to connect your app. │
│ i  View Emulator UI at http://localhost:4000                │
└─────────────────────────────────────────────────────────────┘

┌───────────┬────────────────┬─────────────────────────────────┐
│ Emulator  │ Host:Port      │ View in Emulator UI             │
├───────────┼────────────────┼─────────────────────────────────┤
│ Functions │ localhost:5001 │ http://localhost:4000/functions │
├───────────┼────────────────┼─────────────────────────────────┤
│ Hosting   │ localhost:5000 │ n/a                             │
└───────────┴────────────────┴─────────────────────────────────┘
  Emulator Hub running at localhost:4400
  Other reserved ports: 4500

Issues? Report them at https://github.com/firebase/firebase-tools/issues and attach the *-debug.log files.
 
[debug] [2021-03-13T08:37:05.512Z] [worker-~diagnostic~-ec16b2ac-0f9c-4438-8acc-b587d517fb0f]: IDLE {"metadata":{"emulator":{"name":"functions"},"message":"[worker-~diagnostic~-ec16b2ac-0f9c-4438-8acc-b587d517fb0f]: IDLE"}}
[debug] [2021-03-13T12:01:42.117Z] ----------------------------------------------------------------------
[debug] [2021-03-13T12:01:42.133Z] Command:       C:\Program Files\nodejs\node.exe C:\Users\SHANKAR\AppData\Roaming\npm\node_modules\firebase-tools\lib\bin\firebase.js emulators:start
[debug] [2021-03-13T12:01:42.136Z] CLI Version:   9.6.1
[debug] [2021-03-13T12:01:42.137Z] Platform:      win32
[debug] [2021-03-13T12:01:42.138Z] Node Version:  v14.15.2
[debug] [2021-03-13T12:01:42.410Z] Time:          Sat Mar 13 2021 17:31:42 GMT+0530 (India Standard Time)
[debug] [2021-03-13T12:01:42.411Z] ----------------------------------------------------------------------
[debug] [2021-03-13T12:01:42.412Z] 
[debug] [2021-03-13T12:01:42.723Z] > command requires scopes: ["email","openid","https://www.googleapis.com/auth/cloudplatformprojects.readonly","https://www.googleapis.com/auth/firebase","https://www.googleapis.com/auth/cloud-platform"]
[debug] [2021-03-13T12:01:42.728Z] > authorizing via signed-in user
[info] i  emulators: Starting emulators: functions, hosting {"metadata":{"emulator":{"name":"hub"},"message":"Starting emulators: functions, hosting"}}
[warn] !  emulators: It seems that you are running multiple instances of the emulator suite for project clone-96a3b. This may result in unexpected behavior. 
[debug] [2021-03-13T12:01:43.048Z] [hub] writing locator at C:\Users\SHANKAR\AppData\Local\Temp\hub-clone-96a3b.json
[warn] !  functions: The following emulators are not running, calls to these services from the Functions emulator will affect production: auth, firestore, database, pubsub {"metadata":{"emulator":{"name":"functions"},"message":"The following emulators are not running, calls to these services from the Functions emulator will affect production: \u001b[1mauth, firestore, database, pubsub\u001b[22m"}}
[warn] !  Your requested "node" version "12" doesn't match your global version "14" {"metadata":{"emulator":{"name":"functions"},"message":"Your requested \"node\" version \"12\" doesn't match your global version \"14\""}}
[debug] [2021-03-13T12:01:43.795Z] defaultcredentials: writing to file C:\Users\SHANKAR\AppData\Roaming\firebase\murugancharan245_gmail_com_application_default_credentials.json
[debug] [2021-03-13T12:01:43.838Z] Setting GAC to C:\Users\SHANKAR\AppData\Roaming\firebase\murugancharan245_gmail_com_application_default_credentials.json {"metadata":{"emulator":{"name":"functions"},"message":"Setting GAC to C:\\Users\\SHANKAR\\AppData\\Roaming\\firebase\\murugancharan245_gmail_com_application_default_credentials.json"}}
[debug] [2021-03-13T12:01:43.845Z] > refreshing access token with scopes: []
[debug] [2021-03-13T12:01:43.848Z] >>> HTTP REQUEST POST https://www.googleapis.com/oauth2/v3/token  
 <request body omitted>
[debug] [2021-03-13T12:01:45.077Z] <<< HTTP RESPONSE 200 {"cache-control":"no-cache, no-store, max-age=0, must-revalidate","date":"Sat, 13 Mar 2021 12:01:45 GMT","expires":"Mon, 01 Jan 1990 00:00:00 GMT","pragma":"no-cache","content-type":"application/json; charset=utf-8","vary":"X-Origin, Referer, Origin,Accept-Encoding","server":"scaffolding on HTTPServer2","x-xss-protection":"0","x-frame-options":"SAMEORIGIN","x-content-type-options":"nosniff","alt-svc":"h3-29=\":443\"; ma=2592000,h3-T051=\":443\"; ma=2592000,h3-Q050=\":443\"; ma=2592000,h3-Q046=\":443\"; ma=2592000,h3-Q043=\":443\"; ma=2592000,quic=\":443\"; ma=2592000; v=\"46,43\"","accept-ranges":"none","transfer-encoding":"chunked"}
[debug] [2021-03-13T12:01:45.211Z] >>> [apiv2][query] GET https://firebase.googleapis.com/v1beta1/projects/clone-96a3b/adminSdkConfig [none]
[debug] [2021-03-13T12:01:46.616Z] <<< [apiv2][status] GET https://firebase.googleapis.com/v1beta1/projects/clone-96a3b/adminSdkConfig 200
[debug] [2021-03-13T12:01:46.618Z] <<< [apiv2][body] GET https://firebase.googleapis.com/v1beta1/projects/clone-96a3b/adminSdkConfig {"projectId":"clone-96a3b","storageBucket":"clone-96a3b.appspot.com","locationId":"asia-south1"}
[debug] [2021-03-13T12:01:46.801Z] >>> [apiv2][query] GET https://firebase.googleapis.com/v1beta1/projects/clone-96a3b/webApps/-/config [none]
[debug] [2021-03-13T12:01:49.395Z] <<< [apiv2][status] GET https://firebase.googleapis.com/v1beta1/projects/clone-96a3b/webApps/-/config 200
[debug] [2021-03-13T12:01:49.396Z] <<< [apiv2][body] GET https://firebase.googleapis.com/v1beta1/projects/clone-96a3b/webApps/-/config {"projectId":"clone-96a3b","appId":"1:754325117995:web:113549e50215d5114b9e6e","storageBucket":"clone-96a3b.appspot.com","locationId":"asia-south1","apiKey":"AIzaSyAL2u97WLPAyoSwxkJ9yBq6vn1qwmZwB94","authDomain":"clone-96a3b.firebaseapp.com","messagingSenderId":"754325117995","measurementId":"G-MRQE7G43VY"}
[info] i  hosting: Serving hosting files from: build {"metadata":{"emulator":{"name":"hosting"},"message":"Serving hosting files from: \u001b[1mbuild\u001b[22m"}}
[info] +  hosting: Local server: http://localhost:5000 {"metadata":{"emulator":{"name":"hosting"},"message":"Local server: \u001b[4m\u001b[1mhttp://localhost:5000\u001b[22m\u001b[24m"}}
[warn] !  ui: Emulator UI unable to start on port 4000, starting on 4001 instead. {"metadata":{"emulator":{"name":"ui"},"message":"Emulator UI unable to start on port 4000, starting on 4001 instead."}}
[debug] [2021-03-13T12:01:50.855Z] Ignoring unsupported arg: auto_download {"metadata":{"emulator":{"name":"ui"},"message":"Ignoring unsupported arg: auto_download"}}
[debug] [2021-03-13T12:01:50.856Z] Ignoring unsupported arg: port {"metadata":{"emulator":{"name":"ui"},"message":"Ignoring unsupported arg: port"}}
[debug] [2021-03-13T12:01:50.858Z] Starting Emulator UI with command {"binary":"node","args":["C:\\Users\\SHANKAR\\.cache\\firebase\\emulators\\ui-v1.4.2\\server.bundle.js"],"optionalArgs":[],"joinArgs":false} {"metadata":{"emulator":{"name":"ui"},"message":"Starting Emulator UI with command {\"binary\":\"node\",\"args\":[\"C:\\\\Users\\\\SHANKAR\\\\.cache\\\\firebase\\\\emulators\\\\ui-v1.4.2\\\\server.bundle.js\"],\"optionalArgs\":[],\"joinArgs\":false}"}}
[info] i  ui: Emulator UI logging to ui-debug.log {"metadata":{"emulator":{"name":"ui"},"message":"Emulator UI logging to \u001b[1mui-debug.log\u001b[22m"}}
[debug] [2021-03-13T12:01:52.386Z] Web / API server started at http://localhost:4001
 {"metadata":{"emulator":{"name":"ui"},"message":"Web / API server started at http://localhost:4001\n"}}
[info] i  functions: Watching "C:\Users\SHANKAR\Desktop\web-development\REACT\amazon-clone\functions" for Cloud Functions... {"metadata":{"emulator":{"name":"functions"},"message":"Watching \"C:\\Users\\SHANKAR\\Desktop\\web-development\\REACT\\amazon-clone\\functions\" for Cloud Functions..."}}
[debug] [2021-03-13T12:01:52.695Z] [worker-pool] addWorker(~diagnostic~) {"metadata":{"emulator":{"name":"functions"},"message":"[worker-pool] addWorker(~diagnostic~)"}}
[debug] [2021-03-13T12:01:52.697Z] [worker-pool] Adding worker with key ~diagnostic~, total=1 {"metadata":{"emulator":{"name":"functions"},"message":"[worker-pool] Adding worker with key ~diagnostic~, total=1"}}
[debug] [2021-03-13T12:01:52.698Z] [worker-pool] submitWork(triggerId=) {"metadata":{"emulator":{"name":"functions"},"message":"[worker-pool] submitWork(triggerId=)"}}
[debug] [2021-03-13T12:01:52.700Z] [worker-~diagnostic~-fe9db91e-b9e1-44f4-a55e-2f33c2328c40]: Assigning socketPath: \\?\pipe\C:\Users\SHANKAR\Desktop\web-development\REACT\amazon-clone\functions\16676 {"metadata":{"emulator":{"name":"functions"},"message":"[worker-~diagnostic~-fe9db91e-b9e1-44f4-a55e-2f33c2328c40]: Assigning socketPath: \\\\?\\pipe\\C:\\Users\\SHANKAR\\Desktop\\web-development\\REACT\\amazon-clone\\functions\\16676"}}
[debug] [2021-03-13T12:01:52.701Z] [worker-~diagnostic~-fe9db91e-b9e1-44f4-a55e-2f33c2328c40]: BUSY {"metadata":{"emulator":{"name":"functions"},"message":"[worker-~diagnostic~-fe9db91e-b9e1-44f4-a55e-2f33c2328c40]: BUSY"}}
[debug] [2021-03-13T12:01:53.963Z] [runtime-status] [16676] Functions runtime initialized. {"cwd":"C:\\Users\\SHANKAR\\Desktop\\web-development\\REACT\\amazon-clone\\functions","node_version":"14.15.2"} {"metadata":{"emulator":{"name":"functions"},"message":"[runtime-status] [16676] Functions runtime initialized. {\"cwd\":\"C:\\\\Users\\\\SHANKAR\\\\Desktop\\\\web-development\\\\REACT\\\\amazon-clone\\\\functions\",\"node_version\":\"14.15.2\"}"}}
[debug] [2021-03-13T12:01:53.964Z] [runtime-status] [16676] Disabled runtime features: undefined {"metadata":{"emulator":{"name":"functions"},"message":"[runtime-status] [16676] Disabled runtime features: undefined"}}
[debug] [2021-03-13T12:01:54.089Z] [runtime-status] [16676] Resolved module firebase-admin {"declared":true,"installed":true,"version":"9.5.0","resolution":"C:\\Users\\SHANKAR\\Desktop\\web-development\\REACT\\amazon-clone\\functions\\node_modules\\firebase-admin\\lib\\index.js"} {"metadata":{"emulator":{"name":"functions"},"message":"[runtime-status] [16676] Resolved module firebase-admin {\"declared\":true,\"installed\":true,\"version\":\"9.5.0\",\"resolution\":\"C:\\\\Users\\\\SHANKAR\\\\Desktop\\\\web-development\\\\REACT\\\\amazon-clone\\\\functions\\\\node_modules\\\\firebase-admin\\\\lib\\\\index.js\"}"}}
[debug] [2021-03-13T12:01:54.189Z] [runtime-status] [16676] Resolved module firebase-functions {"declared":true,"installed":true,"version":"3.13.2","resolution":"C:\\Users\\SHANKAR\\Desktop\\web-development\\REACT\\amazon-clone\\functions\\node_modules\\firebase-functions\\lib\\index.js"} {"metadata":{"emulator":{"name":"functions"},"message":"[runtime-status] [16676] Resolved module firebase-functions {\"declared\":true,\"installed\":true,\"version\":\"3.13.2\",\"resolution\":\"C:\\\\Users\\\\SHANKAR\\\\Desktop\\\\web-development\\\\REACT\\\\amazon-clone\\\\functions\\\\node_modules\\\\firebase-functions\\\\lib\\\\index.js\"}"}}
[debug] [2021-03-13T12:01:54.195Z] [runtime-status] [16676] Resolved module firebase-functions {"declared":true,"installed":true,"version":"3.13.2","resolution":"C:\\Users\\SHANKAR\\Desktop\\web-development\\REACT\\amazon-clone\\functions\\node_modules\\firebase-functions\\lib\\index.js"} {"metadata":{"emulator":{"name":"functions"},"message":"[runtime-status] [16676] Resolved module firebase-functions {\"declared\":true,\"installed\":true,\"version\":\"3.13.2\",\"resolution\":\"C:\\\\Users\\\\SHANKAR\\\\Desktop\\\\web-development\\\\REACT\\\\amazon-clone\\\\functions\\\\node_modules\\\\firebase-functions\\\\lib\\\\index.js\"}"}}
[debug] [2021-03-13T12:01:54.202Z] [runtime-status] [16676] Outgoing network have been stubbed. [{"name":"http","status":"mocked"},{"name":"http","status":"mocked"},{"name":"https","status":"mocked"},{"name":"https","status":"mocked"},{"name":"net","status":"mocked"}] {"metadata":{"emulator":{"name":"functions"},"message":"[runtime-status] [16676] Outgoing network have been stubbed. [{\"name\":\"http\",\"status\":\"mocked\"},{\"name\":\"http\",\"status\":\"mocked\"},{\"name\":\"https\",\"status\":\"mocked\"},{\"name\":\"https\",\"status\":\"mocked\"},{\"name\":\"net\",\"status\":\"mocked\"}]"}}
[debug] [2021-03-13T12:01:54.204Z] [runtime-status] [16676] Resolved module firebase-functions {"declared":true,"installed":true,"version":"3.13.2","resolution":"C:\\Users\\SHANKAR\\Desktop\\web-development\\REACT\\amazon-clone\\functions\\node_modules\\firebase-functions\\lib\\index.js"} {"metadata":{"emulator":{"name":"functions"},"message":"[runtime-status] [16676] Resolved module firebase-functions {\"declared\":true,\"installed\":true,\"version\":\"3.13.2\",\"resolution\":\"C:\\\\Users\\\\SHANKAR\\\\Desktop\\\\web-development\\\\REACT\\\\amazon-clone\\\\functions\\\\node_modules\\\\firebase-functions\\\\lib\\\\index.js\"}"}}
[debug] [2021-03-13T12:01:58.328Z] [runtime-status] [16676] Checked functions.config() {"config":{}} {"metadata":{"emulator":{"name":"functions"},"message":"[runtime-status] [16676] Checked functions.config() {\"config\":{}}"}}
[debug] [2021-03-13T12:01:58.331Z] [runtime-status] [16676] firebase-functions has been stubbed. {"functionsResolution":{"declared":true,"installed":true,"version":"3.13.2","resolution":"C:\\Users\\SHANKAR\\Desktop\\web-development\\REACT\\amazon-clone\\functions\\node_modules\\firebase-functions\\lib\\index.js"}} {"metadata":{"emulator":{"name":"functions"},"message":"[runtime-status] [16676] firebase-functions has been stubbed. {\"functionsResolution\":{\"declared\":true,\"installed\":true,\"version\":\"3.13.2\",\"resolution\":\"C:\\\\Users\\\\SHANKAR\\\\Desktop\\\\web-development\\\\REACT\\\\amazon-clone\\\\functions\\\\node_modules\\\\firebase-functions\\\\lib\\\\index.js\"}}"}}
[debug] [2021-03-13T12:01:58.333Z] [runtime-status] [16676] Resolved module firebase-functions {"declared":true,"installed":true,"version":"3.13.2","resolution":"C:\\Users\\SHANKAR\\Desktop\\web-development\\REACT\\amazon-clone\\functions\\node_modules\\firebase-functions\\lib\\index.js"} {"metadata":{"emulator":{"name":"functions"},"message":"[runtime-status] [16676] Resolved module firebase-functions {\"declared\":true,\"installed\":true,\"version\":\"3.13.2\",\"resolution\":\"C:\\\\Users\\\\SHANKAR\\\\Desktop\\\\web-development\\\\REACT\\\\amazon-clone\\\\functions\\\\node_modules\\\\firebase-functions\\\\lib\\\\index.js\"}"}}
[debug] [2021-03-13T12:01:58.337Z] [runtime-status] [16676] Resolved module firebase-admin {"declared":true,"installed":true,"version":"9.5.0","resolution":"C:\\Users\\SHANKAR\\Desktop\\web-development\\REACT\\amazon-clone\\functions\\node_modules\\firebase-admin\\lib\\index.js"} {"metadata":{"emulator":{"name":"functions"},"message":"[runtime-status] [16676] Resolved module firebase-admin {\"declared\":true,\"installed\":true,\"version\":\"9.5.0\",\"resolution\":\"C:\\\\Users\\\\SHANKAR\\\\Desktop\\\\web-development\\\\REACT\\\\amazon-clone\\\\functions\\\\node_modules\\\\firebase-admin\\\\lib\\\\index.js\"}"}}
[debug] [2021-03-13T12:01:58.338Z] [runtime-status] [16676] Resolved module firebase-functions {"declared":true,"installed":true,"version":"3.13.2","resolution":"C:\\Users\\SHANKAR\\Desktop\\web-development\\REACT\\amazon-clone\\functions\\node_modules\\firebase-functions\\lib\\index.js"} {"metadata":{"emulator":{"name":"functions"},"message":"[runtime-status] [16676] Resolved module firebase-functions {\"declared\":true,\"installed\":true,\"version\":\"3.13.2\",\"resolution\":\"C:\\\\Users\\\\SHANKAR\\\\Desktop\\\\web-development\\\\REACT\\\\amazon-clone\\\\functions\\\\node_modules\\\\firebase-functions\\\\lib\\\\index.js\"}"}}
[debug] [2021-03-13T12:01:58.339Z] [runtime-status] [16676] firebase-admin has been stubbed. {"adminResolution":{"declared":true,"installed":true,"version":"9.5.0","resolution":"C:\\Users\\SHANKAR\\Desktop\\web-development\\REACT\\amazon-clone\\functions\\node_modules\\firebase-admin\\lib\\index.js"}} {"metadata":{"emulator":{"name":"functions"},"message":"[runtime-status] [16676] firebase-admin has been stubbed. {\"adminResolution\":{\"declared\":true,\"installed\":true,\"version\":\"9.5.0\",\"resolution\":\"C:\\\\Users\\\\SHANKAR\\\\Desktop\\\\web-development\\\\REACT\\\\amazon-clone\\\\functions\\\\node_modules\\\\firebase-admin\\\\lib\\\\index.js\"}}"}}
[info] +  functions[api]: http function initialized (http://localhost:5001/clone-96a3b/us-central1/api). {"metadata":{"emulator":{"name":"functions"},"message":"\u001b[1mhttp\u001b[22m function initialized (http://localhost:5001/clone-96a3b/us-central1/api)."}}
[info] 
┌─────────────────────────────────────────────────────────────┐
│ ✔  All emulators ready! It is now safe to connect your app. │
│ i  View Emulator UI at http://localhost:4001                │
└─────────────────────────────────────────────────────────────┘

┌───────────┬────────────────┬─────────────────────────────────┐
│ Emulator  │ Host:Port      │ View in Emulator UI             │
├───────────┼────────────────┼─────────────────────────────────┤
│ Functions │ localhost:5001 │ http://localhost:4001/functions │
├───────────┼────────────────┼─────────────────────────────────┤
│ Hosting   │ localhost:5000 │ n/a                             │
└───────────┴────────────────┴─────────────────────────────────┘
  Emulator Hub running at localhost:4400
  Other reserved ports: 4500

Issues? Report them at https://github.com/firebase/firebase-tools/issues and attach the *-debug.log files.
 
[debug] [2021-03-13T12:02:11.347Z] [worker-~diagnostic~-fe9db91e-b9e1-44f4-a55e-2f33c2328c40]: IDLE {"metadata":{"emulator":{"name":"functions"},"message":"[worker-~diagnostic~-fe9db91e-b9e1-44f4-a55e-2f33c2328c40]: IDLE"}}
[debug] [2021-03-13T12:05:21.263Z] [work-queue] {"queueLength":1,"workRunningCount":0}
[debug] [2021-03-13T12:05:21.266Z] [work-queue] {"queueLength":0,"workRunningCount":1}
[debug] [2021-03-13T12:05:21.268Z] Accepted request POST /clone-96a3b/us-central1/api/payments/create?total=2261900 --> api
[debug] [2021-03-13T12:05:21.508Z] [worker-pool] addWorker(api) {"metadata":{"emulator":{"name":"functions"},"message":"[worker-pool] addWorker(api)"}}
[debug] [2021-03-13T12:05:21.514Z] [worker-pool] Adding worker with key api, total=1 {"metadata":{"emulator":{"name":"functions"},"message":"[worker-pool] Adding worker with key api, total=1"}}
[debug] [2021-03-13T12:05:21.515Z] [worker-pool] submitWork(triggerId=api) {"metadata":{"emulator":{"name":"functions"},"message":"[worker-pool] submitWork(triggerId=api)"}}
[debug] [2021-03-13T12:05:21.518Z] [worker-api-cdabbdc3-89e3-48e4-af95-f8b574b35a36]: Assigning socketPath: \\?\pipe\C:\Users\SHANKAR\Desktop\web-development\REACT\amazon-clone\functions\648 {"metadata":{"emulator":{"name":"functions"},"message":"[worker-api-cdabbdc3-89e3-48e4-af95-f8b574b35a36]: Assigning socketPath: \\\\?\\pipe\\C:\\Users\\SHANKAR\\Desktop\\web-development\\REACT\\amazon-clone\\functions\\648"}}
[debug] [2021-03-13T12:05:21.520Z] [worker-api-cdabbdc3-89e3-48e4-af95-f8b574b35a36]: BUSY {"metadata":{"emulator":{"name":"functions"},"message":"[worker-api-cdabbdc3-89e3-48e4-af95-f8b574b35a36]: BUSY"}}
[debug] [2021-03-13T12:05:25.375Z] [runtime-status] [648] Functions runtime initialized. {"cwd":"C:\\Users\\SHANKAR\\Desktop\\web-development\\REACT\\amazon-clone\\functions","node_version":"14.15.2"} {"metadata":{"emulator":{"name":"functions"},"function":{"name":"api"},"message":"[runtime-status] [648] Functions runtime initialized. {\"cwd\":\"C:\\\\Users\\\\SHANKAR\\\\Desktop\\\\web-development\\\\REACT\\\\amazon-clone\\\\functions\",\"node_version\":\"14.15.2\"}"}}
[debug] [2021-03-13T12:05:25.386Z] [runtime-status] [648] Disabled runtime features: undefined {"metadata":{"emulator":{"name":"functions"},"function":{"name":"api"},"message":"[runtime-status] [648] Disabled runtime features: undefined"}}
[debug] [2021-03-13T12:05:25.466Z] [runtime-status] [648] Resolved module firebase-admin {"declared":true,"installed":true,"version":"9.5.0","resolution":"C:\\Users\\SHANKAR\\Desktop\\web-development\\REACT\\amazon-clone\\functions\\node_modules\\firebase-admin\\lib\\index.js"} {"metadata":{"emulator":{"name":"functions"},"function":{"name":"api"},"message":"[runtime-status] [648] Resolved module firebase-admin {\"declared\":true,\"installed\":true,\"version\":\"9.5.0\",\"resolution\":\"C:\\\\Users\\\\SHANKAR\\\\Desktop\\\\web-development\\\\REACT\\\\amazon-clone\\\\functions\\\\node_modules\\\\firebase-admin\\\\lib\\\\index.js\"}"}}
[debug] [2021-03-13T12:05:25.508Z] [runtime-status] [648] Resolved module firebase-functions {"declared":true,"installed":true,"version":"3.13.2","resolution":"C:\\Users\\SHANKAR\\Desktop\\web-development\\REACT\\amazon-clone\\functions\\node_modules\\firebase-functions\\lib\\index.js"} {"metadata":{"emulator":{"name":"functions"},"function":{"name":"api"},"message":"[runtime-status] [648] Resolved module firebase-functions {\"declared\":true,\"installed\":true,\"version\":\"3.13.2\",\"resolution\":\"C:\\\\Users\\\\SHANKAR\\\\Desktop\\\\web-development\\\\REACT\\\\amazon-clone\\\\functions\\\\node_modules\\\\firebase-functions\\\\lib\\\\index.js\"}"}}
[debug] [2021-03-13T12:05:25.516Z] [runtime-status] [648] Resolved module firebase-functions {"declared":true,"installed":true,"version":"3.13.2","resolution":"C:\\Users\\SHANKAR\\Desktop\\web-development\\REACT\\amazon-clone\\functions\\node_modules\\firebase-functions\\lib\\index.js"} {"metadata":{"emulator":{"name":"functions"},"function":{"name":"api"},"message":"[runtime-status] [648] Resolved module firebase-functions {\"declared\":true,\"installed\":true,\"version\":\"3.13.2\",\"resolution\":\"C:\\\\Users\\\\SHANKAR\\\\Desktop\\\\web-development\\\\REACT\\\\amazon-clone\\\\functions\\\\node_modules\\\\firebase-functions\\\\lib\\\\index.js\"}"}}
[debug] [2021-03-13T12:05:25.523Z] [runtime-status] [648] Outgoing network have been stubbed. [{"name":"http","status":"mocked"},{"name":"http","status":"mocked"},{"name":"https","status":"mocked"},{"name":"https","status":"mocked"},{"name":"net","status":"mocked"}] {"metadata":{"emulator":{"name":"functions"},"function":{"name":"api"},"message":"[runtime-status] [648] Outgoing network have been stubbed. [{\"name\":\"http\",\"status\":\"mocked\"},{\"name\":\"http\",\"status\":\"mocked\"},{\"name\":\"https\",\"status\":\"mocked\"},{\"name\":\"https\",\"status\":\"mocked\"},{\"name\":\"net\",\"status\":\"mocked\"}]"}}
[debug] [2021-03-13T12:05:25.525Z] [runtime-status] [648] Resolved module firebase-functions {"declared":true,"installed":true,"version":"3.13.2","resolution":"C:\\Users\\SHANKAR\\Desktop\\web-development\\REACT\\amazon-clone\\functions\\node_modules\\firebase-functions\\lib\\index.js"} {"metadata":{"emulator":{"name":"functions"},"function":{"name":"api"},"message":"[runtime-status] [648] Resolved module firebase-functions {\"declared\":true,\"installed\":true,\"version\":\"3.13.2\",\"resolution\":\"C:\\\\Users\\\\SHANKAR\\\\Desktop\\\\web-development\\\\REACT\\\\amazon-clone\\\\functions\\\\node_modules\\\\firebase-functions\\\\lib\\\\index.js\"}"}}
[debug] [2021-03-13T12:05:26.492Z] [runtime-status] [648] Checked functions.config() {"config":{}} {"metadata":{"emulator":{"name":"functions"},"function":{"name":"api"},"message":"[runtime-status] [648] Checked functions.config() {\"config\":{}}"}}
[debug] [2021-03-13T12:05:26.493Z] [runtime-status] [648] firebase-functions has been stubbed. {"functionsResolution":{"declared":true,"installed":true,"version":"3.13.2","resolution":"C:\\Users\\SHANKAR\\Desktop\\web-development\\REACT\\amazon-clone\\functions\\node_modules\\firebase-functions\\lib\\index.js"}} {"metadata":{"emulator":{"name":"functions"},"function":{"name":"api"},"message":"[runtime-status] [648] firebase-functions has been stubbed. {\"functionsResolution\":{\"declared\":true,\"installed\":true,\"version\":\"3.13.2\",\"resolution\":\"C:\\\\Users\\\\SHANKAR\\\\Desktop\\\\web-development\\\\REACT\\\\amazon-clone\\\\functions\\\\node_modules\\\\firebase-functions\\\\lib\\\\index.js\"}}"}}
[debug] [2021-03-13T12:05:26.494Z] [runtime-status] [648] Resolved module firebase-functions {"declared":true,"installed":true,"version":"3.13.2","resolution":"C:\\Users\\SHANKAR\\Desktop\\web-development\\REACT\\amazon-clone\\functions\\node_modules\\firebase-functions\\lib\\index.js"} {"metadata":{"emulator":{"name":"functions"},"function":{"name":"api"},"message":"[runtime-status] [648] Resolved module firebase-functions {\"declared\":true,\"installed\":true,\"version\":\"3.13.2\",\"resolution\":\"C:\\\\Users\\\\SHANKAR\\\\Desktop\\\\web-development\\\\REACT\\\\amazon-clone\\\\functions\\\\node_modules\\\\firebase-functions\\\\lib\\\\index.js\"}"}}
[debug] [2021-03-13T12:05:26.499Z] [runtime-status] [648] Resolved module firebase-admin {"declared":true,"installed":true,"version":"9.5.0","resolution":"C:\\Users\\SHANKAR\\Desktop\\web-development\\REACT\\amazon-clone\\functions\\node_modules\\firebase-admin\\lib\\index.js"} {"metadata":{"emulator":{"name":"functions"},"function":{"name":"api"},"message":"[runtime-status] [648] Resolved module firebase-admin {\"declared\":true,\"installed\":true,\"version\":\"9.5.0\",\"resolution\":\"C:\\\\Users\\\\SHANKAR\\\\Desktop\\\\web-development\\\\REACT\\\\amazon-clone\\\\functions\\\\node_modules\\\\firebase-admin\\\\lib\\\\index.js\"}"}}
[debug] [2021-03-13T12:05:26.500Z] [runtime-status] [648] Resolved module firebase-functions {"declared":true,"installed":true,"version":"3.13.2","resolution":"C:\\Users\\SHANKAR\\Desktop\\web-development\\REACT\\amazon-clone\\functions\\node_modules\\firebase-functions\\lib\\index.js"} {"metadata":{"emulator":{"name":"functions"},"function":{"name":"api"},"message":"[runtime-status] [648] Resolved module firebase-functions {\"declared\":true,\"installed\":true,\"version\":\"3.13.2\",\"resolution\":\"C:\\\\Users\\\\SHANKAR\\\\Desktop\\\\web-development\\\\REACT\\\\amazon-clone\\\\functions\\\\node_modules\\\\firebase-functions\\\\lib\\\\index.js\"}"}}
[debug] [2021-03-13T12:05:26.501Z] [runtime-status] [648] firebase-admin has been stubbed. {"adminResolution":{"declared":true,"installed":true,"version":"9.5.0","resolution":"C:\\Users\\SHANKAR\\Desktop\\web-development\\REACT\\amazon-clone\\functions\\node_modules\\firebase-admin\\lib\\index.js"}} {"metadata":{"emulator":{"name":"functions"},"function":{"name":"api"},"message":"[runtime-status] [648] firebase-admin has been stubbed. {\"adminResolution\":{\"declared\":true,\"installed\":true,\"version\":\"9.5.0\",\"resolution\":\"C:\\\\Users\\\\SHANKAR\\\\Desktop\\\\web-development\\\\REACT\\\\amazon-clone\\\\functions\\\\node_modules\\\\firebase-admin\\\\lib\\\\index.js\"}}"}}
[debug] [2021-03-13T12:05:29.348Z] [runtime-status] [648] Trigger "api" has been found, beginning invocation! {"metadata":{"emulator":{"name":"functions"},"function":{"name":"api"},"message":"[runtime-status] [648] Trigger \"api\" has been found, beginning invocation!"}}
[info] i  functions: Beginning execution of "api" {"metadata":{"emulator":{"name":"functions"},"function":{"name":"api"},"message":"Beginning execution of \"api\""}}
[debug] [2021-03-13T12:05:29.351Z] [runtime-status] [648] triggerDefinition {"httpsTrigger":{},"name":"api","entryPoint":"api"} {"metadata":{"emulator":{"name":"functions"},"function":{"name":"api"},"message":"[runtime-status] [648] triggerDefinition {\"httpsTrigger\":{},\"name\":\"api\",\"entryPoint\":\"api\"}"}}
[debug] [2021-03-13T12:05:29.352Z] [runtime-status] [648] Running api in mode HTTPS {"metadata":{"emulator":{"name":"functions"},"function":{"name":"api"},"message":"[runtime-status] [648] Running api in mode HTTPS"}}
[debug] [2021-03-13T12:05:29.357Z] [runtime-status] [648] Attempting to listen to socketPath: \\?\pipe\C:\Users\SHANKAR\Desktop\web-development\REACT\amazon-clone\functions\648 {"metadata":{"emulator":{"name":"functions"},"function":{"name":"api"},"message":"[runtime-status] [648] Attempting to listen to socketPath: \\\\?\\pipe\\C:\\Users\\SHANKAR\\Desktop\\web-development\\REACT\\amazon-clone\\functions\\648"}}
[debug] [2021-03-13T12:05:29.375Z] [functions] Runtime ready! Sending request! {"metadata":{"emulator":{"name":"functions"},"message":"[functions] Runtime ready! Sending request!"}}
[debug] [2021-03-13T12:05:29.389Z] [functions] Got req.url=/clone-96a3b/us-central1/api/payments/create?total=2261900, mapping to path=/payments/create?total=2261900 {"metadata":{"emulator":{"name":"functions"},"message":"[functions] Got req.url=/clone-96a3b/us-central1/api/payments/create?total=2261900, mapping to path=/payments/create?total=2261900"}}
[debug] [2021-03-13T12:05:29.403Z] [runtime-status] [648] Ephemeral server handling POST request {"metadata":{"emulator":{"name":"functions"},"function":{"name":"api"},"message":"[runtime-status] [648] Ephemeral server handling POST request"}}
[info] >  Payment Request Recieved BOOM!!! for this amount >>>  2261900 {"user":"Payment Request Recieved BOOM!!! for this amount >>>  2261900","metadata":{"emulator":{"name":"functions"},"function":{"name":"api"},"message":"\u001b[90m> \u001b[39m Payment Request Recieved BOOM!!! for this amount >>>  2261900"}}
[debug] [2021-03-13T12:05:29.709Z] [runtime-status] [648] Ephemeral server survived. {"metadata":{"emulator":{"name":"functions"},"function":{"name":"api"},"message":"[runtime-status] [648] Ephemeral server survived."}}
[info] i  functions: Finished "api" in ~2s {"metadata":{"emulator":{"name":"functions"},"function":{"name":"api"},"message":"Finished \"api\" in ~2s"}}
[debug] [2021-03-13T12:05:31.873Z] [worker-api-cdabbdc3-89e3-48e4-af95-f8b574b35a36]: IDLE {"metadata":{"emulator":{"name":"functions"},"message":"[worker-api-cdabbdc3-89e3-48e4-af95-f8b574b35a36]: IDLE"}}
[debug] [2021-03-13T12:05:31.874Z] [work-queue] {"queueLength":0,"workRunningCount":0}
[debug] [2021-03-13T12:05:39.390Z] [work-queue] {"queueLength":1,"workRunningCount":0}
[debug] [2021-03-13T12:05:39.393Z] [work-queue] {"queueLength":0,"workRunningCount":1}
[debug] [2021-03-13T12:05:39.394Z] Accepted request POST /clone-96a3b/us-central1/api/payments/create?total=0 --> api
[debug] [2021-03-13T12:05:39.398Z] [worker-pool] submitWork(triggerId=api) {"metadata":{"emulator":{"name":"functions"},"message":"[worker-pool] submitWork(triggerId=api)"}}
[debug] [2021-03-13T12:05:39.400Z] [worker-api-cdabbdc3-89e3-48e4-af95-f8b574b35a36]: Assigning socketPath: \\?\pipe\C:\Users\SHANKAR\Desktop\web-development\REACT\amazon-clone\functions\648 {"metadata":{"emulator":{"name":"functions"},"message":"[worker-api-cdabbdc3-89e3-48e4-af95-f8b574b35a36]: Assigning socketPath: \\\\?\\pipe\\C:\\Users\\SHANKAR\\Desktop\\web-development\\REACT\\amazon-clone\\functions\\648"}}
[debug] [2021-03-13T12:05:39.401Z] [worker-api-cdabbdc3-89e3-48e4-af95-f8b574b35a36]: BUSY {"metadata":{"emulator":{"name":"functions"},"message":"[worker-api-cdabbdc3-89e3-48e4-af95-f8b574b35a36]: BUSY"}}
[debug] [2021-03-13T12:05:39.405Z] [runtime-status] [648] Trigger "api" has been found, beginning invocation! {"metadata":{"emulator":{"name":"functions"},"function":{"name":"api"},"message":"[runtime-status] [648] Trigger \"api\" has been found, beginning invocation!"}}
[info] i  functions: Beginning execution of "api" {"metadata":{"emulator":{"name":"functions"},"function":{"name":"api"},"message":"Beginning execution of \"api\""}}
[debug] [2021-03-13T12:05:39.427Z] [runtime-status] [648] triggerDefinition {"httpsTrigger":{},"name":"api","entryPoint":"api"} {"metadata":{"emulator":{"name":"functions"},"function":{"name":"api"},"message":"[runtime-status] [648] triggerDefinition {\"httpsTrigger\":{},\"name\":\"api\",\"entryPoint\":\"api\"}"}}
[debug] [2021-03-13T12:05:39.435Z] [runtime-status] [648] Running api in mode HTTPS {"metadata":{"emulator":{"name":"functions"},"function":{"name":"api"},"message":"[runtime-status] [648] Running api in mode HTTPS"}}
[debug] [2021-03-13T12:05:39.436Z] [runtime-status] [648] Attempting to listen to socketPath: \\?\pipe\C:\Users\SHANKAR\Desktop\web-development\REACT\amazon-clone\functions\648 {"metadata":{"emulator":{"name":"functions"},"function":{"name":"api"},"message":"[runtime-status] [648] Attempting to listen to socketPath: \\\\?\\pipe\\C:\\Users\\SHANKAR\\Desktop\\web-development\\REACT\\amazon-clone\\functions\\648"}}
[debug] [2021-03-13T12:05:39.440Z] [functions] Runtime ready! Sending request! {"metadata":{"emulator":{"name":"functions"},"message":"[functions] Runtime ready! Sending request!"}}
[debug] [2021-03-13T12:05:39.441Z] [functions] Got req.url=/clone-96a3b/us-central1/api/payments/create?total=0, mapping to path=/payments/create?total=0 {"metadata":{"emulator":{"name":"functions"},"message":"[functions] Got req.url=/clone-96a3b/us-central1/api/payments/create?total=0, mapping to path=/payments/create?total=0"}}
[debug] [2021-03-13T12:05:39.456Z] [runtime-status] [648] Ephemeral server handling POST request {"metadata":{"emulator":{"name":"functions"},"function":{"name":"api"},"message":"[runtime-status] [648] Ephemeral server handling POST request"}}
[info] >  Payment Request Recieved BOOM!!! for this amount >>>  0 {"user":"Payment Request Recieved BOOM!!! for this amount >>>  0","metadata":{"emulator":{"name":"functions"},"function":{"name":"api"},"message":"\u001b[90m> \u001b[39m Payment Request Recieved BOOM!!! for this amount >>>  0"}}
[debug] [2021-03-13T12:05:39.465Z] [runtime-status] [648] Ephemeral server survived. {"metadata":{"emulator":{"name":"functions"},"function":{"name":"api"},"message":"[runtime-status] [648] Ephemeral server survived."}}
[info] >  (node:648) UnhandledPromiseRejectionWarning: Error: This value must be greater than or equal to 1. {"user":"(node:648) UnhandledPromiseRejectionWarning: Error: This value must be greater than or equal to 1.","metadata":{"emulator":{"name":"functions"},"function":{"name":"api"},"message":"\u001b[90m> \u001b[39m (node:648) UnhandledPromiseRejectionWarning: Error: This value must be greater than or equal to 1."}}
[info] >      at Function.generate (C:\Users\SHANKAR\Desktop\web-development\REACT\amazon-clone\functions\node_modules\stripe\lib\Error.js:40:16) {"user":"    at Function.generate (C:\\Users\\SHANKAR\\Desktop\\web-development\\REACT\\amazon-clone\\functions\\node_modules\\stripe\\lib\\Error.js:40:16)","metadata":{"emulator":{"name":"functions"},"function":{"name":"api"},"message":"\u001b[90m> \u001b[39m     at Function.generate (C:\\Users\\SHANKAR\\Desktop\\web-development\\REACT\\amazon-clone\\functions\\node_modules\\stripe\\lib\\Error.js:40:16)"}}
[info] >      at IncomingMessage.<anonymous> (C:\Users\SHANKAR\Desktop\web-development\REACT\amazon-clone\functions\node_modules\stripe\lib\StripeResource.js:180:33) {"user":"    at IncomingMessage.<anonymous> (C:\\Users\\SHANKAR\\Desktop\\web-development\\REACT\\amazon-clone\\functions\\node_modules\\stripe\\lib\\StripeResource.js:180:33)","metadata":{"emulator":{"name":"functions"},"function":{"name":"api"},"message":"\u001b[90m> \u001b[39m     at IncomingMessage.<anonymous> (C:\\Users\\SHANKAR\\Desktop\\web-development\\REACT\\amazon-clone\\functions\\node_modules\\stripe\\lib\\StripeResource.js:180:33)"}}
[info] >      at Object.onceWrapper (events.js:421:28) {"user":"    at Object.onceWrapper (events.js:421:28)","metadata":{"emulator":{"name":"functions"},"function":{"name":"api"},"message":"\u001b[90m> \u001b[39m     at Object.onceWrapper (events.js:421:28)"}}
[info] >      at IncomingMessage.emit (events.js:327:22) {"user":"    at IncomingMessage.emit (events.js:327:22)","metadata":{"emulator":{"name":"functions"},"function":{"name":"api"},"message":"\u001b[90m> \u001b[39m     at IncomingMessage.emit (events.js:327:22)"}}
[info] >      at endReadableNT (internal/streams/readable.js:1327:12) {"user":"    at endReadableNT (internal/streams/readable.js:1327:12)","metadata":{"emulator":{"name":"functions"},"function":{"name":"api"},"message":"\u001b[90m> \u001b[39m     at endReadableNT (internal/streams/readable.js:1327:12)"}}
[info] >      at processTicksAndRejections (internal/process/task_queues.js:80:21) {"user":"    at processTicksAndRejections (internal/process/task_queues.js:80:21)","metadata":{"emulator":{"name":"functions"},"function":{"name":"api"},"message":"\u001b[90m> \u001b[39m     at processTicksAndRejections (internal/process/task_queues.js:80:21)"}}
[info] >  (Use `node --trace-warnings ...` to show where the warning was created) {"user":"(Use `node --trace-warnings ...` to show where the warning was created)","metadata":{"emulator":{"name":"functions"},"function":{"name":"api"},"message":"\u001b[90m> \u001b[39m (Use `node --trace-warnings ...` to show where the warning was created)"}}
[info] >  (node:648) UnhandledPromiseRejectionWarning: Unhandled promise rejection. This error originated either by throwing inside of an async function without a catch block, or by rejecting a promise which was not handled with .catch(). To terminate the node process on unhandled promise rejection, use the CLI flag `--unhandled-rejections=strict` (see https://nodejs.org/api/cli.html#cli_unhandled_rejections_mode). (rejection id: 1) {"user":"(node:648) UnhandledPromiseRejectionWarning: Unhandled promise rejection. This error originated either by throwing inside of an async function without a catch block, or by rejecting a promise which was not handled with .catch(). To terminate the node process on unhandled promise rejection, use the CLI flag `--unhandled-rejections=strict` (see https://nodejs.org/api/cli.html#cli_unhandled_rejections_mode). (rejection id: 1)","metadata":{"emulator":{"name":"functions"},"function":{"name":"api"},"message":"\u001b[90m> \u001b[39m (node:648) UnhandledPromiseRejectionWarning: Unhandled promise rejection. This error originated either by throwing inside of an async function without a catch block, or by rejecting a promise which was not handled with .catch(). To terminate the node process on unhandled promise rejection, use the CLI flag `--unhandled-rejections=strict` (see https://nodejs.org/api/cli.html#cli_unhandled_rejections_mode). (rejection id: 1)"}}
[info] >  (node:648) [DEP0018] DeprecationWarning: Unhandled promise rejections are deprecated. In the future, promise rejections that are not handled will terminate the Node.js process with a non-zero exit code. {"user":"(node:648) [DEP0018] DeprecationWarning: Unhandled promise rejections are deprecated. In the future, promise rejections that are not handled will terminate the Node.js process with a non-zero exit code.","metadata":{"emulator":{"name":"functions"},"function":{"name":"api"},"message":"\u001b[90m> \u001b[39m (node:648) [DEP0018] DeprecationWarning: Unhandled promise rejections are deprecated. In the future, promise rejections that are not handled will terminate the Node.js process with a non-zero exit code."}}
[warn] !  functions: Your function timed out after ~60s. To configure this timeout, see
      https://firebase.google.com/docs/functions/manage-functions#set_timeout_and_memory_allocation. {"metadata":{"emulator":{"name":"functions"},"function":{"name":"api"},"message":"Your function timed out after ~60s. To configure this timeout, see\n      https://firebase.google.com/docs/functions/manage-functions#set_timeout_and_memory_allocation."}}
[info] >  C:\Users\SHANKAR\AppData\Roaming\npm\node_modules\firebase-tools\lib\emulator\functionsEmulatorRuntime.js:642 {"user":"C:\\Users\\SHANKAR\\AppData\\Roaming\\npm\\node_modules\\firebase-tools\\lib\\emulator\\functionsEmulatorRuntime.js:642\r","metadata":{"emulator":{"name":"functions"},"function":{"name":"api"},"message":"\u001b[90m> \u001b[39m C:\\Users\\SHANKAR\\AppData\\Roaming\\npm\\node_modules\\firebase-tools\\lib\\emulator\\functionsEmulatorRuntime.js:642\r"}}
[info] >              throw new Error("Function timed out."); {"user":"            throw new Error(\"Function timed out.\");\r","metadata":{"emulator":{"name":"functions"},"function":{"name":"api"},"message":"\u001b[90m> \u001b[39m             throw new Error(\"Function timed out.\");\r"}}
[info] >              ^ {"user":"            ^\r","metadata":{"emulator":{"name":"functions"},"function":{"name":"api"},"message":"\u001b[90m> \u001b[39m             ^\r"}}
[info] >   {"user":"\r","metadata":{"emulator":{"name":"functions"},"function":{"name":"api"},"message":"\u001b[90m> \u001b[39m \r"}}
[info] >  Error: Function timed out. {"user":"Error: Function timed out.\r","metadata":{"emulator":{"name":"functions"},"function":{"name":"api"},"message":"\u001b[90m> \u001b[39m Error: Function timed out.\r"}}
[info] >      at Timeout._onTimeout (C:\Users\SHANKAR\AppData\Roaming\npm\node_modules\firebase-tools\lib\emulator\functionsEmulatorRuntime.js:642:19) {"user":"    at Timeout._onTimeout (C:\\Users\\SHANKAR\\AppData\\Roaming\\npm\\node_modules\\firebase-tools\\lib\\emulator\\functionsEmulatorRuntime.js:642:19)\r","metadata":{"emulator":{"name":"functions"},"function":{"name":"api"},"message":"\u001b[90m> \u001b[39m     at Timeout._onTimeout (C:\\Users\\SHANKAR\\AppData\\Roaming\\npm\\node_modules\\firebase-tools\\lib\\emulator\\functionsEmulatorRuntime.js:642:19)\r"}}
[info] >      at listOnTimeout (internal/timers.js:554:17) {"user":"    at listOnTimeout (internal/timers.js:554:17)\r","metadata":{"emulator":{"name":"functions"},"function":{"name":"api"},"message":"\u001b[90m> \u001b[39m     at listOnTimeout (internal/timers.js:554:17)\r"}}
[info] >      at processTimers (internal/timers.js:497:7) {"user":"    at processTimers (internal/timers.js:497:7)\r","metadata":{"emulator":{"name":"functions"},"function":{"name":"api"},"message":"\u001b[90m> \u001b[39m     at processTimers (internal/timers.js:497:7)\r"}}
[debug] [2021-03-13T12:06:39.834Z] [worker-api-cdabbdc3-89e3-48e4-af95-f8b574b35a36]: exited {"metadata":{"emulator":{"name":"functions"},"message":"[worker-api-cdabbdc3-89e3-48e4-af95-f8b574b35a36]: exited"}}
[debug] [2021-03-13T12:06:39.836Z] [worker-api-cdabbdc3-89e3-48e4-af95-f8b574b35a36]: FINISHED {"metadata":{"emulator":{"name":"functions"},"message":"[worker-api-cdabbdc3-89e3-48e4-af95-f8b574b35a36]: FINISHED"}}
[debug] [2021-03-13T12:06:39.837Z] [work-queue] {"queueLength":0,"workRunningCount":0}
[debug] [2021-03-13T12:24:32.705Z] [worker-~diagnostic~-fe9db91e-b9e1-44f4-a55e-2f33c2328c40]: exited {"metadata":{"emulator":{"name":"functions"},"message":"[worker-~diagnostic~-fe9db91e-b9e1-44f4-a55e-2f33c2328c40]: exited"}}
[debug] [2021-03-13T12:24:32.707Z] [worker-~diagnostic~-fe9db91e-b9e1-44f4-a55e-2f33c2328c40]: FINISHED {"metadata":{"emulator":{"name":"functions"},"message":"[worker-~diagnostic~-fe9db91e-b9e1-44f4-a55e-2f33c2328c40]: FINISHED"}}
[debug] [2021-03-13T12:24:32.840Z] Received signal SIGHUP 1
